(major-project-WWVY9kD0) C:\Users\jeswin\Documents\PROJECT\major-project\scripts>py train_model.py
.. ((7035, 106, 160), (7035,))
.. ((14070, 106, 160), (14070,))
.. ((21108, 106, 160), (21108,))
.. ((28143, 106, 160), (28143,))
.. ((35181, 106, 160), (35181,))
X.shape, Y.shape ==>  ((35181, 106, 160), (35181,))
(x_train.shape, y_train.shape), (x_test.shape, y_test.shape) (((26385, 106, 160, 1), (26385, 8)), ((8796, 106, 160, 1), (8796, 8)))
2023-02-20 07:56:17.901492: I tensorflow/core/platform/cpu_feature_guard.cc:193] This TensorFlow binary is optimized with oneAPI Deep Neural Network Library (oneDNN) to use the following CPU instructions in performance-critical operations:  AVX AVX2
To enable them in other operations, rebuild TensorFlow with the appropriate compiler flags.
Model: "sequential"
_________________________________________________________________
 Layer (type)                Output Shape              Param #
=================================================================
 max_pooling2d (MaxPooling2D  (None, 53, 80, 1)        0
 )

 dropout (Dropout)           (None, 53, 80, 1)         0

 conv2d (Conv2D)             (None, 51, 78, 64)        640

 max_pooling2d_1 (MaxPooling  (None, 25, 39, 64)       0
 2D)

 dropout_1 (Dropout)         (None, 25, 39, 64)        0

 conv2d_1 (Conv2D)           (None, 23, 37, 64)        36928

 flatten (Flatten)           (None, 54464)             0

 dense (Dense)               (None, 64)                3485760

 dropout_2 (Dropout)         (None, 64)                0

 dense_1 (Dense)             (None, 32)                2080

 dense_2 (Dense)             (None, 8)                 264

=================================================================
Total params: 3,525,672
Trainable params: 3,525,672
Non-trainable params: 0
_________________________________________________________________
Epoch 1/100
1056/1056 [==============================] - 377s 352ms/step - loss: 1.5663 - accuracy: 0.4008 - val_loss: 1.2002 - val_accuracy: 0.5136 - lr: 0.0010
Epoch 2/100
1056/1056 [==============================] - 372s 353ms/step - loss: 1.1495 - accuracy: 0.5507 - val_loss: 1.0316 - val_accuracy: 0.5963 - lr: 0.0010
Epoch 3/100
1056/1056 [==============================] - 372s 352ms/step - loss: 1.0505 - accuracy: 0.5923 - val_loss: 1.0055 - val_accuracy: 0.6160 - lr: 0.0010
Epoch 4/100
1056/1056 [==============================] - 364s 344ms/step - loss: 0.9757 - accuracy: 0.6215 - val_loss: 0.9192 - val_accuracy: 0.6492 - lr: 0.0010
Epoch 5/100
1056/1056 [==============================] - 360s 341ms/step - loss: 0.9133 - accuracy: 0.6464 - val_loss: 0.9002 - val_accuracy: 0.6585 - lr: 0.0010
Epoch 6/100
1056/1056 [==============================] - 361s 342ms/step - loss: 0.8509 - accuracy: 0.6758 - val_loss: 0.8621 - val_accuracy: 0.6672 - lr: 0.0010
Epoch 7/100
1056/1056 [==============================] - 359s 340ms/step - loss: 0.7979 - accuracy: 0.6921 - val_loss: 0.8169 - val_accuracy: 0.6879 - lr: 0.0010
Epoch 8/100
1056/1056 [==============================] - 388s 368ms/step - loss: 0.7526 - accuracy: 0.7142 - val_loss: 0.8047 - val_accuracy: 0.6990 - lr: 0.0010
Epoch 9/100
1056/1056 [==============================] - 364s 345ms/step - loss: 0.7115 - accuracy: 0.7309 - val_loss: 0.7968 - val_accuracy: 0.7017 - lr: 0.0010
Epoch 10/100
1056/1056 [==============================] - 360s 341ms/step - loss: 0.6814 - accuracy: 0.7419 - val_loss: 0.7806 - val_accuracy: 0.7050 - lr: 0.0010
Epoch 11/100
1056/1056 [==============================] - 361s 342ms/step - loss: 0.6400 - accuracy: 0.7568 - val_loss: 0.7364 - val_accuracy: 0.7259 - lr: 0.0010
Epoch 12/100
1056/1056 [==============================] - 360s 341ms/step - loss: 0.5978 - accuracy: 0.7726 - val_loss: 0.7576 - val_accuracy: 0.7252 - lr: 0.0010
Epoch 13/100
1056/1056 [==============================] - 369s 349ms/step - loss: 0.5755 - accuracy: 0.7845 - val_loss: 0.7494 - val_accuracy: 0.7335 - lr: 0.0010
Epoch 14/100
1056/1056 [==============================] - 358s 339ms/step - loss: 0.5404 - accuracy: 0.7945 - val_loss: 0.7582 - val_accuracy: 0.7270 - lr: 0.0010
Epoch 15/100
1056/1056 [==============================] - 357s 338ms/step - loss: 0.5135 - accuracy: 0.8090 - val_loss: 0.7282 - val_accuracy: 0.7426 - lr: 0.0010
Epoch 16/100
1056/1056 [==============================] - 355s 336ms/step - loss: 0.4999 - accuracy: 0.8160 - val_loss: 0.7265 - val_accuracy: 0.7440 - lr: 0.0010
Epoch 17/100
1056/1056 [==============================] - 355s 336ms/step - loss: 0.4758 - accuracy: 0.8226 - val_loss: 0.7284 - val_accuracy: 0.7468 - lr: 0.0010
Epoch 18/100
1056/1056 [==============================] - 355s 336ms/step - loss: 0.4544 - accuracy: 0.8336 - val_loss: 0.7108 - val_accuracy: 0.7541 - lr: 0.0010
Epoch 19/100
1056/1056 [==============================] - 356s 337ms/step - loss: 0.4398 - accuracy: 0.8348 - val_loss: 0.7347 - val_accuracy: 0.7530 - lr: 0.0010
Epoch 20/100
1056/1056 [==============================] - 380s 360ms/step - loss: 0.4207 - accuracy: 0.8454 - val_loss: 0.6888 - val_accuracy: 0.7585 - lr: 0.0010
Epoch 21/100
1056/1056 [==============================] - 378s 358ms/step - loss: 0.4035 - accuracy: 0.8507 - val_loss: 0.7395 - val_accuracy: 0.7639 - lr: 0.0010
Epoch 22/100
1056/1056 [==============================] - 378s 358ms/step - loss: 0.3984 - accuracy: 0.8554 - val_loss: 0.7434 - val_accuracy: 0.7520 - lr: 0.0010
Epoch 23/100
1056/1056 [==============================] - 380s 360ms/step - loss: 0.3906 - accuracy: 0.8604 - val_loss: 0.6837 - val_accuracy: 0.7733 - lr: 0.0010
Epoch 24/100
1056/1056 [==============================] - 374s 354ms/step - loss: 0.3613 - accuracy: 0.8684 - val_loss: 0.7419 - val_accuracy: 0.7626 - lr: 0.0010
Epoch 25/100
1056/1056 [==============================] - 364s 345ms/step - loss: 0.3670 - accuracy: 0.8677 - val_loss: 0.8061 - val_accuracy: 0.7602 - lr: 0.0010
Epoch 26/100
1056/1056 [==============================] - 357s 339ms/step - loss: 0.3558 - accuracy: 0.8686 - val_loss: 0.7259 - val_accuracy: 0.7681 - lr: 0.0010
Epoch 27/100
1056/1056 [==============================] - 355s 336ms/step - loss: 0.3326 - accuracy: 0.8783 - val_loss: 0.7135 - val_accuracy: 0.7650 - lr: 0.0010
Epoch 28/100
1056/1056 [==============================] - 366s 346ms/step - loss: 0.3384 - accuracy: 0.8780 - val_loss: 0.7258 - val_accuracy: 0.7739 - lr: 0.0010
Epoch 29/100
1056/1056 [==============================] - 362s 343ms/step - loss: 0.3403 - accuracy: 0.8793 - val_loss: 0.7088 - val_accuracy: 0.7781 - lr: 0.0010
Epoch 30/100
1056/1056 [==============================] - 357s 338ms/step - loss: 0.2997 - accuracy: 0.8923 - val_loss: 0.7402 - val_accuracy: 0.7832 - lr: 7.5000e-04
Epoch 31/100
1056/1056 [==============================] - 355s 336ms/step - loss: 0.2869 - accuracy: 0.8975 - val_loss: 0.7636 - val_accuracy: 0.7784 - lr: 7.5000e-04
Epoch 32/100
1056/1056 [==============================] - 354s 335ms/step - loss: 0.2758 - accuracy: 0.9016 - val_loss: 0.7618 - val_accuracy: 0.7786 - lr: 7.5000e-04
Epoch 33/100
1056/1056 [==============================] - 355s 337ms/step - loss: 0.2672 - accuracy: 0.9056 - val_loss: 0.7518 - val_accuracy: 0.7801 - lr: 7.5000e-04
Epoch 34/100
1056/1056 [==============================] - 358s 339ms/step - loss: 0.2680 - accuracy: 0.9037 - val_loss: 0.7321 - val_accuracy: 0.7877 - lr: 7.5000e-04
Epoch 35/100
1056/1056 [==============================] - 354s 335ms/step - loss: 0.2704 - accuracy: 0.9020 - val_loss: 0.7472 - val_accuracy: 0.7877 - lr: 7.5000e-04
Epoch 36/100
1056/1056 [==============================] - 358s 339ms/step - loss: 0.2440 - accuracy: 0.9118 - val_loss: 0.7623 - val_accuracy: 0.7918 - lr: 5.6250e-04
Epoch 37/100
1056/1056 [==============================] - 356s 337ms/step - loss: 0.2272 - accuracy: 0.9204 - val_loss: 0.7764 - val_accuracy: 0.7894 - lr: 5.6250e-04
Epoch 38/100
1056/1056 [==============================] - 358s 339ms/step - loss: 0.2264 - accuracy: 0.9206 - val_loss: 0.7967 - val_accuracy: 0.7930 - lr: 5.6250e-04
Epoch 39/100
1056/1056 [==============================] - 356s 337ms/step - loss: 0.2214 - accuracy: 0.9203 - val_loss: 0.7550 - val_accuracy: 0.7917 - lr: 5.6250e-04
Epoch 40/100
1056/1056 [==============================] - 356s 337ms/step - loss: 0.2278 - accuracy: 0.9193 - val_loss: 0.7275 - val_accuracy: 0.8000 - lr: 5.6250e-04
Epoch 41/100
1056/1056 [==============================] - 356s 337ms/step - loss: 0.2117 - accuracy: 0.9247 - val_loss: 0.7133 - val_accuracy: 0.8015 - lr: 5.6250e-04
Epoch 42/100
1056/1056 [==============================] - 354s 336ms/step - loss: 0.2145 - accuracy: 0.9235 - val_loss: 0.7771 - val_accuracy: 0.7892 - lr: 5.6250e-04
Epoch 43/100
1056/1056 [==============================] - 354s 335ms/step - loss: 0.2023 - accuracy: 0.9267 - val_loss: 0.7696 - val_accuracy: 0.7968 - lr: 5.6250e-04
Epoch 44/100
1056/1056 [==============================] - 361s 342ms/step - loss: 0.2093 - accuracy: 0.9257 - val_loss: 0.7627 - val_accuracy: 0.8005 - lr: 5.6250e-04
Epoch 45/100
1056/1056 [==============================] - 358s 339ms/step - loss: 0.2069 - accuracy: 0.9259 - val_loss: 0.7339 - val_accuracy: 0.8001 - lr: 5.6250e-04
Epoch 46/100
1056/1056 [==============================] - 369s 350ms/step - loss: 0.1902 - accuracy: 0.9312 - val_loss: 0.8469 - val_accuracy: 0.7967 - lr: 4.2187e-04
Epoch 47/100
1056/1056 [==============================] - 364s 345ms/step - loss: 0.1801 - accuracy: 0.9340 - val_loss: 0.8566 - val_accuracy: 0.7983 - lr: 4.2187e-04
Epoch 48/100
1056/1056 [==============================] - 360s 341ms/step - loss: 0.1882 - accuracy: 0.9339 - val_loss: 0.8843 - val_accuracy: 0.7982 - lr: 4.2187e-04
Epoch 49/100
1056/1056 [==============================] - 363s 344ms/step - loss: 0.1862 - accuracy: 0.9361 - val_loss: 0.8108 - val_accuracy: 0.7991 - lr: 4.2187e-04
Epoch 50/100
1056/1056 [==============================] - 360s 341ms/step - loss: 0.1778 - accuracy: 0.9374 - val_loss: 0.8386 - val_accuracy: 0.7942 - lr: 3.1641e-04
Epoch 51/100
1056/1056 [==============================] - 362s 343ms/step - loss: 0.1690 - accuracy: 0.9401 - val_loss: 0.8136 - val_accuracy: 0.8016 - lr: 3.1641e-04
Epoch 52/100
1056/1056 [==============================] - 361s 342ms/step - loss: 0.1659 - accuracy: 0.9412 - val_loss: 0.8341 - val_accuracy: 0.8012 - lr: 3.1641e-04
Epoch 53/100
1056/1056 [==============================] - 356s 337ms/step - loss: 0.1657 - accuracy: 0.9413 - val_loss: 0.7614 - val_accuracy: 0.8018 - lr: 3.1641e-04
Epoch 54/100
1056/1056 [==============================] - 359s 340ms/step - loss: 0.1676 - accuracy: 0.9394 - val_loss: 0.8025 - val_accuracy: 0.8008 - lr: 3.1641e-04
Epoch 55/100
1056/1056 [==============================] - 357s 338ms/step - loss: 0.1599 - accuracy: 0.9433 - val_loss: 0.7754 - val_accuracy: 0.8055 - lr: 3.1641e-04
Epoch 56/100
1056/1056 [==============================] - 355s 336ms/step - loss: 0.1555 - accuracy: 0.9443 - val_loss: 0.8398 - val_accuracy: 0.8014 - lr: 3.1641e-04
Epoch 57/100
1056/1056 [==============================] - 355s 336ms/step - loss: 0.1587 - accuracy: 0.9431 - val_loss: 0.8450 - val_accuracy: 0.8038 - lr: 3.1641e-04
Epoch 58/100
1056/1056 [==============================] - 356s 338ms/step - loss: 0.1513 - accuracy: 0.9468 - val_loss: 0.9281 - val_accuracy: 0.8033 - lr: 3.1641e-04
Epoch 59/100
1056/1056 [==============================] - 359s 340ms/step - loss: 0.1557 - accuracy: 0.9446 - val_loss: 0.7972 - val_accuracy: 0.8074 - lr: 3.1641e-04
Epoch 60/100
1056/1056 [==============================] - 364s 345ms/step - loss: 0.1516 - accuracy: 0.9461 - val_loss: 0.7541 - val_accuracy: 0.8128 - lr: 3.1641e-04
Epoch 61/100
1056/1056 [==============================] - 365s 345ms/step - loss: 0.1457 - accuracy: 0.9484 - val_loss: 0.8539 - val_accuracy: 0.8073 - lr: 2.3730e-04
Epoch 62/100
1056/1056 [==============================] - 364s 345ms/step - loss: 0.1461 - accuracy: 0.9489 - val_loss: 0.9184 - val_accuracy: 0.8047 - lr: 2.3730e-04
Epoch 63/100
1056/1056 [==============================] - 364s 345ms/step - loss: 0.1375 - accuracy: 0.9510 - val_loss: 0.8779 - val_accuracy: 0.8043 - lr: 2.3730e-04
Epoch 64/100
1056/1056 [==============================] - 367s 348ms/step - loss: 0.1481 - accuracy: 0.9480 - val_loss: 0.8515 - val_accuracy: 0.8058 - lr: 2.3730e-04
Epoch 65/100
1056/1056 [==============================] - 362s 343ms/step - loss: 0.1386 - accuracy: 0.9514 - val_loss: 0.8083 - val_accuracy: 0.8103 - lr: 2.3730e-04
Epoch 66/100
1056/1056 [==============================] - 363s 344ms/step - loss: 0.1362 - accuracy: 0.9499 - val_loss: 0.8335 - val_accuracy: 0.8056 - lr: 1.7798e-04
Epoch 67/100
1056/1056 [==============================] - 363s 344ms/step - loss: 0.1392 - accuracy: 0.9516 - val_loss: 0.8102 - val_accuracy: 0.8088 - lr: 1.7798e-04
Epoch 68/100
1056/1056 [==============================] - 362s 342ms/step - loss: 0.1302 - accuracy: 0.9522 - val_loss: 0.9319 - val_accuracy: 0.8051 - lr: 1.7798e-04
Epoch 69/100
1056/1056 [==============================] - 360s 341ms/step - loss: 0.1320 - accuracy: 0.9537 - val_loss: 0.8584 - val_accuracy: 0.8101 - lr: 1.7798e-04
Epoch 70/100
1056/1056 [==============================] - 362s 343ms/step - loss: 0.1331 - accuracy: 0.9524 - val_loss: 0.8418 - val_accuracy: 0.8137 - lr: 1.7798e-04
Epoch 71/100
1056/1056 [==============================] - 359s 340ms/step - loss: 0.1283 - accuracy: 0.9558 - val_loss: 0.9223 - val_accuracy: 0.8106 - lr: 1.3348e-04
Epoch 72/100
1056/1056 [==============================] - 367s 347ms/step - loss: 0.1249 - accuracy: 0.9558 - val_loss: 0.8818 - val_accuracy: 0.8140 - lr: 1.3348e-04
Epoch 73/100
1056/1056 [==============================] - 358s 339ms/step - loss: 0.1254 - accuracy: 0.9562 - val_loss: 0.8169 - val_accuracy: 0.8134 - lr: 1.3348e-04
Epoch 74/100
1056/1056 [==============================] - 356s 337ms/step - loss: 0.1220 - accuracy: 0.9561 - val_loss: 0.8751 - val_accuracy: 0.8123 - lr: 1.3348e-04
Epoch 75/100
1056/1056 [==============================] - 356s 338ms/step - loss: 0.1218 - accuracy: 0.9563 - val_loss: 0.9207 - val_accuracy: 0.8078 - lr: 1.3348e-04
Epoch 76/100
1056/1056 [==============================] - 358s 339ms/step - loss: 0.1196 - accuracy: 0.9583 - val_loss: 0.9280 - val_accuracy: 0.8076 - lr: 1.3348e-04
Epoch 77/100
1056/1056 [==============================] - 356s 337ms/step - loss: 0.1226 - accuracy: 0.9558 - val_loss: 0.8344 - val_accuracy: 0.8114 - lr: 1.3348e-04
Epoch 78/100
1056/1056 [==============================] - 357s 338ms/step - loss: 0.1167 - accuracy: 0.9579 - val_loss: 0.8879 - val_accuracy: 0.8075 - lr: 1.3348e-04
Epoch 79/100
1056/1056 [==============================] - 360s 341ms/step - loss: 0.1217 - accuracy: 0.9567 - val_loss: 0.8933 - val_accuracy: 0.8099 - lr: 1.3348e-04
Epoch 80/100
1056/1056 [==============================] - 357s 339ms/step - loss: 0.1177 - accuracy: 0.9594 - val_loss: 0.9892 - val_accuracy: 0.8013 - lr: 1.3348e-04
Epoch 81/100
1056/1056 [==============================] - 358s 339ms/step - loss: 0.1124 - accuracy: 0.9588 - val_loss: 0.9093 - val_accuracy: 0.8078 - lr: 1.0011e-04
Epoch 82/100
1056/1056 [==============================] - 363s 344ms/step - loss: 0.1161 - accuracy: 0.9578 - val_loss: 0.8919 - val_accuracy: 0.8097 - lr: 1.0011e-04
Epoch 83/100
1056/1056 [==============================] - 360s 341ms/step - loss: 0.1121 - accuracy: 0.9609 - val_loss: 0.9490 - val_accuracy: 0.8070 - lr: 1.0011e-04
Epoch 84/100
1056/1056 [==============================] - 356s 337ms/step - loss: 0.1135 - accuracy: 0.9601 - val_loss: 0.9308 - val_accuracy: 0.8056 - lr: 1.0011e-04
Epoch 85/100
1056/1056 [==============================] - 356s 337ms/step - loss: 0.1162 - accuracy: 0.9600 - val_loss: 0.8924 - val_accuracy: 0.8088 - lr: 1.0011e-04
Epoch 86/100
1056/1056 [==============================] - 376s 356ms/step - loss: 0.1088 - accuracy: 0.9616 - val_loss: 0.9559 - val_accuracy: 0.8072 - lr: 7.5085e-05
Epoch 87/100
1056/1056 [==============================] - 370s 351ms/step - loss: 0.1178 - accuracy: 0.9579 - val_loss: 0.9114 - val_accuracy: 0.8085 - lr: 7.5085e-05
Epoch 88/100
1056/1056 [==============================] - 366s 347ms/step - loss: 0.1100 - accuracy: 0.9610 - val_loss: 0.9132 - val_accuracy: 0.8109 - lr: 7.5085e-05
Epoch 89/100
1056/1056 [==============================] - 366s 347ms/step - loss: 0.1064 - accuracy: 0.9621 - val_loss: 0.9332 - val_accuracy: 0.8089 - lr: 5.6314e-05
Epoch 90/100
1056/1056 [==============================] - 366s 346ms/step - loss: 0.1119 - accuracy: 0.9597 - val_loss: 0.9227 - val_accuracy: 0.8081 - lr: 5.6314e-05
Epoch 91/100
1056/1056 [==============================] - 364s 345ms/step - loss: 0.1067 - accuracy: 0.9615 - val_loss: 0.9261 - val_accuracy: 0.8112 - lr: 5.6314e-05
Epoch 92/100
1056/1056 [==============================] - 368s 348ms/step - loss: 0.1118 - accuracy: 0.9603 - val_loss: 0.9217 - val_accuracy: 0.8091 - lr: 4.2235e-05
Epoch 93/100
1056/1056 [==============================] - 368s 348ms/step - loss: 0.1115 - accuracy: 0.9603 - val_loss: 0.9229 - val_accuracy: 0.8103 - lr: 4.2235e-05
Epoch 94/100
1056/1056 [==============================] - 364s 345ms/step - loss: 0.1082 - accuracy: 0.9612 - val_loss: 0.8650 - val_accuracy: 0.8128 - lr: 3.1676e-05
Epoch 95/100
1056/1056 [==============================] - 363s 344ms/step - loss: 0.1012 - accuracy: 0.9647 - val_loss: 0.9413 - val_accuracy: 0.8106 - lr: 3.1676e-05
Epoch 96/100
1056/1056 [==============================] - 361s 342ms/step - loss: 0.1079 - accuracy: 0.9621 - val_loss: 0.9114 - val_accuracy: 0.8095 - lr: 3.1676e-05
Epoch 97/100
1056/1056 [==============================] - 364s 345ms/step - loss: 0.1053 - accuracy: 0.9637 - val_loss: 0.9183 - val_accuracy: 0.8087 - lr: 3.1676e-05
Epoch 98/100
1056/1056 [==============================] - 364s 345ms/step - loss: 0.1104 - accuracy: 0.9600 - val_loss: 0.9208 - val_accuracy: 0.8082 - lr: 2.3757e-05
Epoch 99/100
1056/1056 [==============================] - 362s 343ms/step - loss: 0.1018 - accuracy: 0.9637 - val_loss: 0.9102 - val_accuracy: 0.8115 - lr: 2.3757e-05
Epoch 100/100
1056/1056 [==============================] - 364s 345ms/step - loss: 0.1086 - accuracy: 0.9630 - val_loss: 0.9180 - val_accuracy: 0.8099 - lr: 1.7818e-05
Keras weights file (<HDF5 file "variables.h5" (mode r+)>) saving:
...layers\conv2d
......vars
.........0
.........1
...layers\conv2d_1
......vars
.........0
.........1
...layers\dense
......vars
.........0
.........1
...layers\dense_1
......vars
.........0
.........1
...layers\dense_2
......vars
.........0
.........1
...layers\dropout
......vars
...layers\dropout_1
......vars
...layers\dropout_2
......vars
...layers\flatten
......vars
...layers\max_pooling2d
......vars
...layers\max_pooling2d_1
......vars
...metrics\mean
......vars
.........0
.........1
...metrics\mean_metric_wrapper
......vars
.........0
.........1
...optimizer
......vars
.........0
.........1
.........10
.........11
.........12
.........13
.........14
.........15
.........16
.........17
.........18
.........19
.........2
.........20
.........3
.........4
.........5
.........6
.........7
.........8
.........9
...vars
Keras model archive saving:
File Name                                             Modified             Size
config.json                                    2023-02-20 18:17:09         3952
metadata.json                                  2023-02-20 18:17:09           64
variables.h5                                   2023-02-20 18:17:09     42348888
275/275 [==============================] - 27s 97ms/step - loss: 0.9180 - accuracy: 0.8099
Accuracy of our model on test data :  80.99135756492615 %
275/275 [==============================] - 27s 94ms/step
              precision    recall  f1-score   support

       angry       0.91      0.88      0.89      1430
        calm       0.70      0.83      0.76       138
     disgust       0.80      0.80      0.80      1379
        fear       0.78      0.79      0.78      1409
       happy       0.84      0.73      0.78      1407
     neutral       0.80      0.78      0.79      1175
         sad       0.72      0.83      0.77      1396
    surprise       0.94      0.94      0.94       462

    accuracy                           0.81      8796
   macro avg       0.81      0.82      0.81      8796
weighted avg       0.81      0.81      0.81      8796